[ 2026-03-21 10:16:23,989 ] 19 root - INFO - Starting the data ingestion process
[ 2026-03-21 10:16:30,522 ] 61 root - INFO - Performed train test split on the dataframe
[ 2026-03-21 10:16:30,522 ] 63 root - INFO - Exited split_data_as_train_test method of Data_Ingestion class
[ 2026-03-21 10:16:30,522 ] 71 root - INFO - Exporting train and test file path.
[ 2026-03-21 10:16:30,577 ] 80 root - INFO - Exported train and test file path.
[ 2026-03-21 10:16:30,578 ] 21 root - INFO - Data ingestion process completed
[ 2026-03-21 10:16:30,610 ] 25 root - INFO - Starting the data validation process
[ 2026-03-21 10:16:30,707 ] 38 root - INFO - Required number of columns: 31
[ 2026-03-21 10:16:30,708 ] 39 root - INFO - Dataframe has columns: Index(['having_IP_Address', 'URL_Length', 'Shortining_Service',
       'having_At_Symbol', 'double_slash_redirecting', 'Prefix_Suffix',
       'having_Sub_Domain', 'SSLfinal_State', 'Domain_registeration_length',
       'Favicon', 'port', 'HTTPS_token', 'Request_URL', 'URL_of_Anchor',
       'Links_in_tags', 'SFH', 'Submitting_to_email', 'Abnormal_URL',
       'Redirect', 'on_mouseover', 'RightClick', 'popUpWidnow', 'Iframe',
       'age_of_domain', 'DNSRecord', 'web_traffic', 'Page_Rank',
       'Google_Index', 'Links_pointing_to_page', 'Statistical_report',
       'Result'],
      dtype='object')
[ 2026-03-21 10:16:30,708 ] 38 root - INFO - Required number of columns: 31
[ 2026-03-21 10:16:30,708 ] 39 root - INFO - Dataframe has columns: Index(['having_IP_Address', 'URL_Length', 'Shortining_Service',
       'having_At_Symbol', 'double_slash_redirecting', 'Prefix_Suffix',
       'having_Sub_Domain', 'SSLfinal_State', 'Domain_registeration_length',
       'Favicon', 'port', 'HTTPS_token', 'Request_URL', 'URL_of_Anchor',
       'Links_in_tags', 'SFH', 'Submitting_to_email', 'Abnormal_URL',
       'Redirect', 'on_mouseover', 'RightClick', 'popUpWidnow', 'Iframe',
       'age_of_domain', 'DNSRecord', 'web_traffic', 'Page_Rank',
       'Google_Index', 'Links_pointing_to_page', 'Statistical_report',
       'Result'],
      dtype='object')
[ 2026-03-21 10:16:30,812 ] 97 root - INFO - Data drift is detected between train and test dataframe.
[ 2026-03-21 10:16:30,862 ] 27 root - INFO - Data validation process completed
[ 2026-03-21 10:16:30,863 ] 31 root - INFO - Starting the data transformation process
[ 2026-03-21 10:16:30,863 ] 48 root - INFO - Starting data transformation
[ 2026-03-21 10:16:30,975 ] 51 root - INFO - Splitting input and target feature from training and testing dataframe
[ 2026-03-21 10:16:30,977 ] 56 root - INFO - Applying imputation on training and testing dataframe
[ 2026-03-21 10:16:30,977 ] 35 root - INFO - Creating data transformer object
[ 2026-03-21 10:16:30,977 ] 37 root - INFO - Data transformer object created successfully{'missing_values': nan, 'n_neighbors': 3, 'weights': 'uniform'}
[ 2026-03-21 10:16:30,992 ] 61 root - INFO - Imputation applied successfully on training and testing dataframe
[ 2026-03-21 10:16:30,998 ] 43 root - INFO - Saving object file: network_security_pipeline\artifact\03_21_2026_10_16_08\data_transformation\transformed_object\preprocessing_object.pkl
[ 2026-03-21 10:16:31,004 ] 48 root - INFO - Object file saved successfully: network_security_pipeline\artifact\03_21_2026_10_16_08\data_transformation\transformed_object\preprocessing_object.pkl
[ 2026-03-21 10:16:31,004 ] 69 root - INFO - Data transformation completed successfully
[ 2026-03-21 10:16:31,005 ] 33 root - INFO - Data transformation process completed
[ 2026-03-21 10:16:31,006 ] 36 root - INFO - All the components of training pipeline completed successfully
[ 2026-03-21 10:16:31,006 ] 39 root - INFO - Starting the model training process
[ 2026-03-21 10:16:31,006 ] 120 root - INFO - Starting model training
[ 2026-03-21 10:16:31,006 ] 121 root - INFO - Loading transformed training and testing data
[ 2026-03-21 10:16:31,037 ] 45 root - INFO - Training the model
