[ 2026-03-21 17:04:56,334 ] 1025 httpx - INFO - HTTP Request: GET https://dagshub.com/api/v1/user "HTTP/1.1 200 OK"
[ 2026-03-21 17:04:56,343 ] 107 dagshub - INFO - Accessing as CyberGalazy
[ 2026-03-21 17:04:57,152 ] 1025 httpx - INFO - HTTP Request: GET https://dagshub.com/api/v1/repos/CyberGalazy/networksecurity "HTTP/1.1 200 OK"
[ 2026-03-21 17:04:58,306 ] 1025 httpx - INFO - HTTP Request: GET https://dagshub.com/api/v1/user "HTTP/1.1 200 OK"
[ 2026-03-21 17:04:58,311 ] 107 dagshub - INFO - Initialized MLflow to track repo "CyberGalazy/networksecurity"
[ 2026-03-21 17:04:58,312 ] 107 dagshub - INFO - Repository CyberGalazy/networksecurity initialized!
[ 2026-03-21 17:04:58,352 ] 19 root - INFO - Starting the data ingestion process
[ 2026-03-21 17:05:06,995 ] 61 root - INFO - Performed train test split on the dataframe
[ 2026-03-21 17:05:06,995 ] 63 root - INFO - Exited split_data_as_train_test method of Data_Ingestion class
[ 2026-03-21 17:05:06,996 ] 71 root - INFO - Exporting train and test file path.
[ 2026-03-21 17:05:07,049 ] 80 root - INFO - Exported train and test file path.
[ 2026-03-21 17:05:07,050 ] 21 root - INFO - Data ingestion process completed
[ 2026-03-21 17:05:07,056 ] 25 root - INFO - Starting the data validation process
[ 2026-03-21 17:05:07,168 ] 38 root - INFO - Required number of columns: 31
[ 2026-03-21 17:05:07,169 ] 39 root - INFO - Dataframe has columns: Index(['having_IP_Address', 'URL_Length', 'Shortining_Service',
       'having_At_Symbol', 'double_slash_redirecting', 'Prefix_Suffix',
       'having_Sub_Domain', 'SSLfinal_State', 'Domain_registeration_length',
       'Favicon', 'port', 'HTTPS_token', 'Request_URL', 'URL_of_Anchor',
       'Links_in_tags', 'SFH', 'Submitting_to_email', 'Abnormal_URL',
       'Redirect', 'on_mouseover', 'RightClick', 'popUpWidnow', 'Iframe',
       'age_of_domain', 'DNSRecord', 'web_traffic', 'Page_Rank',
       'Google_Index', 'Links_pointing_to_page', 'Statistical_report',
       'Result'],
      dtype='object')
[ 2026-03-21 17:05:07,169 ] 38 root - INFO - Required number of columns: 31
[ 2026-03-21 17:05:07,170 ] 39 root - INFO - Dataframe has columns: Index(['having_IP_Address', 'URL_Length', 'Shortining_Service',
       'having_At_Symbol', 'double_slash_redirecting', 'Prefix_Suffix',
       'having_Sub_Domain', 'SSLfinal_State', 'Domain_registeration_length',
       'Favicon', 'port', 'HTTPS_token', 'Request_URL', 'URL_of_Anchor',
       'Links_in_tags', 'SFH', 'Submitting_to_email', 'Abnormal_URL',
       'Redirect', 'on_mouseover', 'RightClick', 'popUpWidnow', 'Iframe',
       'age_of_domain', 'DNSRecord', 'web_traffic', 'Page_Rank',
       'Google_Index', 'Links_pointing_to_page', 'Statistical_report',
       'Result'],
      dtype='object')
[ 2026-03-21 17:05:07,260 ] 97 root - INFO - Data drift is detected between train and test dataframe.
[ 2026-03-21 17:05:07,312 ] 27 root - INFO - Data validation process completed
[ 2026-03-21 17:05:07,312 ] 31 root - INFO - Starting the data transformation process
[ 2026-03-21 17:05:07,312 ] 48 root - INFO - Starting data transformation
[ 2026-03-21 17:05:07,417 ] 51 root - INFO - Splitting input and target feature from training and testing dataframe
[ 2026-03-21 17:05:07,420 ] 56 root - INFO - Applying imputation on training and testing dataframe
[ 2026-03-21 17:05:07,420 ] 35 root - INFO - Creating data transformer object
[ 2026-03-21 17:05:07,420 ] 37 root - INFO - Data transformer object created successfully{'missing_values': nan, 'n_neighbors': 3, 'weights': 'uniform'}
[ 2026-03-21 17:05:07,433 ] 61 root - INFO - Imputation applied successfully on training and testing dataframe
[ 2026-03-21 17:05:07,440 ] 43 root - INFO - Saving object file: network_security_pipeline\artifact\03_21_2026_17_04_52\data_transformation\transformed_object\preprocessing_object.pkl
[ 2026-03-21 17:05:07,447 ] 48 root - INFO - Object file saved successfully: network_security_pipeline\artifact\03_21_2026_17_04_52\data_transformation\transformed_object\preprocessing_object.pkl
[ 2026-03-21 17:05:07,447 ] 43 root - INFO - Saving object file: final_models/preprocessor.pkl
[ 2026-03-21 17:05:07,452 ] 48 root - INFO - Object file saved successfully: final_models/preprocessor.pkl
[ 2026-03-21 17:05:07,452 ] 70 root - INFO - Data transformation completed successfully
[ 2026-03-21 17:05:07,452 ] 33 root - INFO - Data transformation process completed
[ 2026-03-21 17:05:07,453 ] 36 root - INFO - All the components of training pipeline completed successfully
[ 2026-03-21 17:05:07,453 ] 39 root - INFO - Starting the model training process
[ 2026-03-21 17:05:07,453 ] 128 root - INFO - Starting model training
[ 2026-03-21 17:05:07,453 ] 129 root - INFO - Loading transformed training and testing data
[ 2026-03-21 17:05:07,484 ] 49 root - INFO - Training the model
[ 2026-03-21 17:12:17,058 ] 55 root - INFO - Loading object file: network_security_pipeline\artifact\03_21_2026_17_04_52\data_transformation\transformed_object\preprocessing_object.pkl
[ 2026-03-21 17:12:17,061 ] 43 root - INFO - Saving object file: network_security_pipeline\artifact\03_21_2026_17_04_52\model_trainer\trained_model\model.pkl
[ 2026-03-21 17:12:17,125 ] 48 root - INFO - Object file saved successfully: network_security_pipeline\artifact\03_21_2026_17_04_52\model_trainer\trained_model\model.pkl
[ 2026-03-21 17:12:17,125 ] 43 root - INFO - Saving object file: final_models/best_model.pkl
[ 2026-03-21 17:12:17,167 ] 48 root - INFO - Object file saved successfully: final_models/best_model.pkl
[ 2026-03-21 17:12:17,167 ] 119 root - INFO - Model training completed. Best model: Random Forest with train metric: {'f1_score': 0.9913889170296829, 'precision_score': 0.9888843977364592, 'recall_score': 0.9939061547836685} and test metric: {'f1_score': 0.977491961414791, 'precision_score': 0.9696969696969697, 'recall_score': 0.9854132901134521}
[ 2026-03-21 17:12:17,174 ] 41 root - INFO - Model training process completed
