[ 2026-03-19 08:28:53,664 ] 18 root - INFO - Starting the data ingestion process
[ 2026-03-19 08:28:59,001 ] 61 root - INFO - Performed train test split on the dataframe
[ 2026-03-19 08:28:59,001 ] 63 root - INFO - Exited split_data_as_train_test method of Data_Ingestion class
[ 2026-03-19 08:28:59,002 ] 71 root - INFO - Exporting train and test file path.
[ 2026-03-19 08:28:59,058 ] 80 root - INFO - Exported train and test file path.
[ 2026-03-19 08:28:59,058 ] 20 root - INFO - Data ingestion process completed
[ 2026-03-19 08:28:59,066 ] 24 root - INFO - Starting the data validation process
[ 2026-03-19 08:28:59,176 ] 38 root - INFO - Required number of columns: 31
[ 2026-03-19 08:28:59,176 ] 39 root - INFO - Dataframe has columns: Index(['having_IP_Address', 'URL_Length', 'Shortining_Service',
       'having_At_Symbol', 'double_slash_redirecting', 'Prefix_Suffix',
       'having_Sub_Domain', 'SSLfinal_State', 'Domain_registeration_length',
       'Favicon', 'port', 'HTTPS_token', 'Request_URL', 'URL_of_Anchor',
       'Links_in_tags', 'SFH', 'Submitting_to_email', 'Abnormal_URL',
       'Redirect', 'on_mouseover', 'RightClick', 'popUpWidnow', 'Iframe',
       'age_of_domain', 'DNSRecord', 'web_traffic', 'Page_Rank',
       'Google_Index', 'Links_pointing_to_page', 'Statistical_report',
       'Result'],
      dtype='object')
[ 2026-03-19 08:28:59,176 ] 38 root - INFO - Required number of columns: 31
[ 2026-03-19 08:28:59,177 ] 39 root - INFO - Dataframe has columns: Index(['having_IP_Address', 'URL_Length', 'Shortining_Service',
       'having_At_Symbol', 'double_slash_redirecting', 'Prefix_Suffix',
       'having_Sub_Domain', 'SSLfinal_State', 'Domain_registeration_length',
       'Favicon', 'port', 'HTTPS_token', 'Request_URL', 'URL_of_Anchor',
       'Links_in_tags', 'SFH', 'Submitting_to_email', 'Abnormal_URL',
       'Redirect', 'on_mouseover', 'RightClick', 'popUpWidnow', 'Iframe',
       'age_of_domain', 'DNSRecord', 'web_traffic', 'Page_Rank',
       'Google_Index', 'Links_pointing_to_page', 'Statistical_report',
       'Result'],
      dtype='object')
[ 2026-03-19 08:28:59,272 ] 97 root - INFO - Data drift is detected between train and test dataframe.
[ 2026-03-19 08:28:59,328 ] 26 root - INFO - Data validation process completed
[ 2026-03-19 08:28:59,329 ] 30 root - INFO - Starting the data transformation process
[ 2026-03-19 08:28:59,329 ] 48 root - INFO - Starting data transformation
[ 2026-03-19 08:28:59,432 ] 51 root - INFO - Splitting input and target feature from training and testing dataframe
[ 2026-03-19 08:28:59,434 ] 56 root - INFO - Applying imputation on training and testing dataframe
[ 2026-03-19 08:28:59,435 ] 35 root - INFO - Creating data transformer object
[ 2026-03-19 08:28:59,435 ] 37 root - INFO - Data transformer object created successfully{'missing_values': nan, 'n_neighbors': 3, 'weights': 'uniform'}
[ 2026-03-19 08:28:59,446 ] 61 root - INFO - Imputation applied successfully on training and testing dataframe
[ 2026-03-19 08:28:59,455 ] 41 root - INFO - Saving object file: network_security_pipeline\artifact\03_19_2026_08_28_51\data_transformation\transformed_object\preprocessing_object.pkl
[ 2026-03-19 08:28:59,459 ] 46 root - INFO - Object file saved successfully: network_security_pipeline\artifact\03_19_2026_08_28_51\data_transformation\transformed_object\preprocessing_object.pkl
[ 2026-03-19 08:28:59,459 ] 69 root - INFO - Data transformation completed successfully
[ 2026-03-19 08:28:59,460 ] 32 root - INFO - Data transformation process completed
