[ 2026-03-19 23:33:46,153 ] 19 root - INFO - Starting the data ingestion process
[ 2026-03-19 23:33:51,575 ] 61 root - INFO - Performed train test split on the dataframe
[ 2026-03-19 23:33:51,575 ] 63 root - INFO - Exited split_data_as_train_test method of Data_Ingestion class
[ 2026-03-19 23:33:51,575 ] 71 root - INFO - Exporting train and test file path.
[ 2026-03-19 23:33:51,628 ] 80 root - INFO - Exported train and test file path.
[ 2026-03-19 23:33:51,628 ] 21 root - INFO - Data ingestion process completed
[ 2026-03-19 23:33:51,636 ] 25 root - INFO - Starting the data validation process
[ 2026-03-19 23:33:51,758 ] 38 root - INFO - Required number of columns: 31
[ 2026-03-19 23:33:51,759 ] 39 root - INFO - Dataframe has columns: Index(['having_IP_Address', 'URL_Length', 'Shortining_Service',
       'having_At_Symbol', 'double_slash_redirecting', 'Prefix_Suffix',
       'having_Sub_Domain', 'SSLfinal_State', 'Domain_registeration_length',
       'Favicon', 'port', 'HTTPS_token', 'Request_URL', 'URL_of_Anchor',
       'Links_in_tags', 'SFH', 'Submitting_to_email', 'Abnormal_URL',
       'Redirect', 'on_mouseover', 'RightClick', 'popUpWidnow', 'Iframe',
       'age_of_domain', 'DNSRecord', 'web_traffic', 'Page_Rank',
       'Google_Index', 'Links_pointing_to_page', 'Statistical_report',
       'Result'],
      dtype='object')
[ 2026-03-19 23:33:51,759 ] 38 root - INFO - Required number of columns: 31
[ 2026-03-19 23:33:51,760 ] 39 root - INFO - Dataframe has columns: Index(['having_IP_Address', 'URL_Length', 'Shortining_Service',
       'having_At_Symbol', 'double_slash_redirecting', 'Prefix_Suffix',
       'having_Sub_Domain', 'SSLfinal_State', 'Domain_registeration_length',
       'Favicon', 'port', 'HTTPS_token', 'Request_URL', 'URL_of_Anchor',
       'Links_in_tags', 'SFH', 'Submitting_to_email', 'Abnormal_URL',
       'Redirect', 'on_mouseover', 'RightClick', 'popUpWidnow', 'Iframe',
       'age_of_domain', 'DNSRecord', 'web_traffic', 'Page_Rank',
       'Google_Index', 'Links_pointing_to_page', 'Statistical_report',
       'Result'],
      dtype='object')
[ 2026-03-19 23:33:51,862 ] 97 root - INFO - Data drift is detected between train and test dataframe.
[ 2026-03-19 23:33:51,916 ] 27 root - INFO - Data validation process completed
[ 2026-03-19 23:33:51,917 ] 31 root - INFO - Starting the data transformation process
[ 2026-03-19 23:33:51,917 ] 48 root - INFO - Starting data transformation
[ 2026-03-19 23:33:52,056 ] 51 root - INFO - Splitting input and target feature from training and testing dataframe
[ 2026-03-19 23:33:52,060 ] 56 root - INFO - Applying imputation on training and testing dataframe
[ 2026-03-19 23:33:52,060 ] 35 root - INFO - Creating data transformer object
[ 2026-03-19 23:33:52,060 ] 37 root - INFO - Data transformer object created successfully{'missing_values': nan, 'n_neighbors': 3, 'weights': 'uniform'}
[ 2026-03-19 23:33:52,075 ] 61 root - INFO - Imputation applied successfully on training and testing dataframe
[ 2026-03-19 23:33:52,085 ] 43 root - INFO - Saving object file: network_security_pipeline\artifact\03_19_2026_23_33_44\data_transformation\transformed_object\preprocessing_object.pkl
[ 2026-03-19 23:33:52,089 ] 48 root - INFO - Object file saved successfully: network_security_pipeline\artifact\03_19_2026_23_33_44\data_transformation\transformed_object\preprocessing_object.pkl
[ 2026-03-19 23:33:52,089 ] 69 root - INFO - Data transformation completed successfully
[ 2026-03-19 23:33:52,090 ] 33 root - INFO - Data transformation process completed
[ 2026-03-19 23:33:52,091 ] 36 root - INFO - All the components of training pipeline completed successfully
[ 2026-03-19 23:33:52,091 ] 39 root - INFO - Starting the model training process
[ 2026-03-19 23:33:52,091 ] 101 root - INFO - Starting model training
[ 2026-03-19 23:33:52,091 ] 102 root - INFO - Loading transformed training and testing data
[ 2026-03-19 23:33:52,130 ] 33 root - INFO - Training the model
[ 2026-03-19 23:37:04,449 ] 55 root - INFO - Loading object file: network_security_pipeline\artifact\03_19_2026_23_33_44\data_transformation\transformed_object\preprocessing_object.pkl
[ 2026-03-19 23:37:04,470 ] 43 root - INFO - Saving object file: network_security_pipeline\artifact\03_19_2026_23_33_44\model_trainer\trained_model\model.pkl
[ 2026-03-19 23:37:04,494 ] 48 root - INFO - Object file saved successfully: network_security_pipeline\artifact\03_19_2026_23_33_44\model_trainer\trained_model\model.pkl
[ 2026-03-19 23:37:04,494 ] 92 root - INFO - Model training completed. Best model: Random Forest with train metric: {'f1_score': 0.9912501257165846, 'precision_score': 0.9885656970912738, 'recall_score': 0.9939491730536507} and test metric: {'f1_score': 0.9740847387906212, 'precision_score': 0.961038961038961, 'recall_score': 0.987489574645538}
[ 2026-03-19 23:37:04,496 ] 41 root - INFO - Model training process completed
