[ 2026-03-22 16:36:05,030 ] 1025 httpx - INFO - HTTP Request: GET https://dagshub.com/api/v1/user "HTTP/1.1 200 OK"
[ 2026-03-22 16:36:05,050 ] 107 dagshub - INFO - Accessing as CyberGalazy
[ 2026-03-22 16:36:05,882 ] 1025 httpx - INFO - HTTP Request: GET https://dagshub.com/api/v1/repos/CyberGalazy/networksecurity "HTTP/1.1 200 OK"
[ 2026-03-22 16:36:07,213 ] 1025 httpx - INFO - HTTP Request: GET https://dagshub.com/api/v1/user "HTTP/1.1 200 OK"
[ 2026-03-22 16:36:07,215 ] 107 dagshub - INFO - Initialized MLflow to track repo "CyberGalazy/networksecurity"
[ 2026-03-22 16:36:07,216 ] 107 dagshub - INFO - Repository CyberGalazy/networksecurity initialized!
[ 2026-03-22 16:36:20,264 ] 37 root - INFO - Starting data ingestion
[ 2026-03-22 16:36:31,202 ] 61 root - INFO - Performed train test split on the dataframe
[ 2026-03-22 16:36:31,202 ] 63 root - INFO - Exited split_data_as_train_test method of Data_Ingestion class
[ 2026-03-22 16:36:31,202 ] 71 root - INFO - Exporting train and test file path.
[ 2026-03-22 16:36:31,308 ] 80 root - INFO - Exported train and test file path.
[ 2026-03-22 16:36:31,309 ] 41 root - INFO - Data ingestion completed successfully
[ 2026-03-22 16:36:31,310 ] 48 root - INFO - Starting data validation
[ 2026-03-22 16:36:31,421 ] 38 root - INFO - Required number of columns: 31
[ 2026-03-22 16:36:31,421 ] 39 root - INFO - Dataframe has columns: Index(['having_IP_Address', 'URL_Length', 'Shortining_Service',
       'having_At_Symbol', 'double_slash_redirecting', 'Prefix_Suffix',
       'having_Sub_Domain', 'SSLfinal_State', 'Domain_registeration_length',
       'Favicon', 'port', 'HTTPS_token', 'Request_URL', 'URL_of_Anchor',
       'Links_in_tags', 'SFH', 'Submitting_to_email', 'Abnormal_URL',
       'Redirect', 'on_mouseover', 'RightClick', 'popUpWidnow', 'Iframe',
       'age_of_domain', 'DNSRecord', 'web_traffic', 'Page_Rank',
       'Google_Index', 'Links_pointing_to_page', 'Statistical_report',
       'Result'],
      dtype='object')
[ 2026-03-22 16:36:31,421 ] 38 root - INFO - Required number of columns: 31
[ 2026-03-22 16:36:31,422 ] 39 root - INFO - Dataframe has columns: Index(['having_IP_Address', 'URL_Length', 'Shortining_Service',
       'having_At_Symbol', 'double_slash_redirecting', 'Prefix_Suffix',
       'having_Sub_Domain', 'SSLfinal_State', 'Domain_registeration_length',
       'Favicon', 'port', 'HTTPS_token', 'Request_URL', 'URL_of_Anchor',
       'Links_in_tags', 'SFH', 'Submitting_to_email', 'Abnormal_URL',
       'Redirect', 'on_mouseover', 'RightClick', 'popUpWidnow', 'Iframe',
       'age_of_domain', 'DNSRecord', 'web_traffic', 'Page_Rank',
       'Google_Index', 'Links_pointing_to_page', 'Statistical_report',
       'Result'],
      dtype='object')
[ 2026-03-22 16:36:31,624 ] 97 root - INFO - Data drift is detected between train and test dataframe.
[ 2026-03-22 16:36:31,768 ] 53 root - INFO - Data validation completed successfully
[ 2026-03-22 16:36:31,768 ] 60 root - INFO - Starting data transformation
[ 2026-03-22 16:36:31,768 ] 48 root - INFO - Starting data transformation
[ 2026-03-22 16:36:31,861 ] 51 root - INFO - Splitting input and target feature from training and testing dataframe
[ 2026-03-22 16:36:31,864 ] 56 root - INFO - Applying imputation on training and testing dataframe
[ 2026-03-22 16:36:31,864 ] 35 root - INFO - Creating data transformer object
[ 2026-03-22 16:36:31,865 ] 37 root - INFO - Data transformer object created successfully{'missing_values': nan, 'n_neighbors': 3, 'weights': 'uniform'}
[ 2026-03-22 16:36:31,878 ] 61 root - INFO - Imputation applied successfully on training and testing dataframe
[ 2026-03-22 16:36:31,887 ] 43 root - INFO - Saving object file: network_security_pipeline\artifact\03_22_2026_16_36_01\data_transformation\transformed_object\preprocessing_object.pkl
[ 2026-03-22 16:36:31,892 ] 48 root - INFO - Object file saved successfully: network_security_pipeline\artifact\03_22_2026_16_36_01\data_transformation\transformed_object\preprocessing_object.pkl
[ 2026-03-22 16:36:31,892 ] 43 root - INFO - Saving object file: final_models/preprocessor.pkl
[ 2026-03-22 16:36:31,899 ] 48 root - INFO - Object file saved successfully: final_models/preprocessor.pkl
[ 2026-03-22 16:36:31,899 ] 70 root - INFO - Data transformation completed successfully
[ 2026-03-22 16:36:31,901 ] 65 root - INFO - Data transformation completed successfully
[ 2026-03-22 16:36:31,901 ] 72 root - INFO - Starting model trainer
[ 2026-03-22 16:36:31,901 ] 128 root - INFO - Starting model training
[ 2026-03-22 16:36:31,901 ] 129 root - INFO - Loading transformed training and testing data
[ 2026-03-22 16:36:31,926 ] 49 root - INFO - Training the model
[ 2026-03-22 16:43:45,131 ] 55 root - INFO - Loading object file: network_security_pipeline\artifact\03_22_2026_16_36_01\data_transformation\transformed_object\preprocessing_object.pkl
[ 2026-03-22 16:43:45,147 ] 43 root - INFO - Saving object file: network_security_pipeline\artifact\03_22_2026_16_36_01\model_trainer\trained_model\model.pkl
[ 2026-03-22 16:43:45,193 ] 48 root - INFO - Object file saved successfully: network_security_pipeline\artifact\03_22_2026_16_36_01\model_trainer\trained_model\model.pkl
[ 2026-03-22 16:43:45,193 ] 43 root - INFO - Saving object file: final_models/best_model.pkl
[ 2026-03-22 16:43:45,245 ] 48 root - INFO - Object file saved successfully: final_models/best_model.pkl
[ 2026-03-22 16:43:45,245 ] 119 root - INFO - Model training completed. Best model: Random Forest with train metric: {'f1_score': 0.9907754688291941, 'precision_score': 0.9876717865804365, 'recall_score': 0.9938987187309335} and test metric: {'f1_score': 0.9791499599037691, 'precision_score': 0.9736842105263158, 'recall_score': 0.9846774193548387}
[ 2026-03-22 16:43:45,250 ] 77 root - INFO - Model trainer completed successfully
