[ 2026-03-19 08:26:02,776 ] 18 root - INFO - Starting the data ingestion process
[ 2026-03-19 08:26:08,471 ] 61 root - INFO - Performed train test split on the dataframe
[ 2026-03-19 08:26:08,471 ] 63 root - INFO - Exited split_data_as_train_test method of Data_Ingestion class
[ 2026-03-19 08:26:08,472 ] 71 root - INFO - Exporting train and test file path.
[ 2026-03-19 08:26:08,529 ] 80 root - INFO - Exported train and test file path.
[ 2026-03-19 08:26:08,530 ] 20 root - INFO - Data ingestion process completed
[ 2026-03-19 08:26:08,563 ] 24 root - INFO - Starting the data validation process
[ 2026-03-19 08:26:08,652 ] 38 root - INFO - Required number of columns: 31
[ 2026-03-19 08:26:08,652 ] 39 root - INFO - Dataframe has columns: Index(['having_IP_Address', 'URL_Length', 'Shortining_Service',
       'having_At_Symbol', 'double_slash_redirecting', 'Prefix_Suffix',
       'having_Sub_Domain', 'SSLfinal_State', 'Domain_registeration_length',
       'Favicon', 'port', 'HTTPS_token', 'Request_URL', 'URL_of_Anchor',
       'Links_in_tags', 'SFH', 'Submitting_to_email', 'Abnormal_URL',
       'Redirect', 'on_mouseover', 'RightClick', 'popUpWidnow', 'Iframe',
       'age_of_domain', 'DNSRecord', 'web_traffic', 'Page_Rank',
       'Google_Index', 'Links_pointing_to_page', 'Statistical_report',
       'Result'],
      dtype='object')
[ 2026-03-19 08:26:08,652 ] 38 root - INFO - Required number of columns: 31
[ 2026-03-19 08:26:08,652 ] 39 root - INFO - Dataframe has columns: Index(['having_IP_Address', 'URL_Length', 'Shortining_Service',
       'having_At_Symbol', 'double_slash_redirecting', 'Prefix_Suffix',
       'having_Sub_Domain', 'SSLfinal_State', 'Domain_registeration_length',
       'Favicon', 'port', 'HTTPS_token', 'Request_URL', 'URL_of_Anchor',
       'Links_in_tags', 'SFH', 'Submitting_to_email', 'Abnormal_URL',
       'Redirect', 'on_mouseover', 'RightClick', 'popUpWidnow', 'Iframe',
       'age_of_domain', 'DNSRecord', 'web_traffic', 'Page_Rank',
       'Google_Index', 'Links_pointing_to_page', 'Statistical_report',
       'Result'],
      dtype='object')
[ 2026-03-19 08:26:08,759 ] 97 root - INFO - Data drift is detected between train and test dataframe.
[ 2026-03-19 08:26:08,828 ] 26 root - INFO - Data validation process completed
