[ 2026-03-21 16:55:40,671 ] 1025 httpx - INFO - HTTP Request: POST https://dagshub.com/login/oauth/middleman "HTTP/1.1 200 OK"
[ 2026-03-21 16:55:41,411 ] 1025 httpx - INFO - HTTP Request: POST https://dagshub.com/login/oauth/access_token "HTTP/1.1 200 OK"
[ 2026-03-21 16:55:42,172 ] 1025 httpx - INFO - HTTP Request: GET https://dagshub.com/api/v1/user "HTTP/1.1 200 OK"
[ 2026-03-21 16:55:42,178 ] 107 dagshub - INFO - Accessing as CyberGalazy
[ 2026-03-21 16:55:43,145 ] 1025 httpx - INFO - HTTP Request: GET https://dagshub.com/api/v1/repos/CyberGalazy/networksecurity "HTTP/1.1 200 OK"
[ 2026-03-21 16:55:43,965 ] 1025 httpx - INFO - HTTP Request: GET https://dagshub.com/api/v1/user "HTTP/1.1 200 OK"
[ 2026-03-21 16:55:43,971 ] 107 dagshub - INFO - Initialized MLflow to track repo "CyberGalazy/networksecurity"
[ 2026-03-21 16:55:43,977 ] 107 dagshub - INFO - Repository CyberGalazy/networksecurity initialized!
[ 2026-03-21 16:55:43,996 ] 19 root - INFO - Starting the data ingestion process
[ 2026-03-21 16:55:50,593 ] 61 root - INFO - Performed train test split on the dataframe
[ 2026-03-21 16:55:50,593 ] 63 root - INFO - Exited split_data_as_train_test method of Data_Ingestion class
[ 2026-03-21 16:55:50,594 ] 71 root - INFO - Exporting train and test file path.
[ 2026-03-21 16:55:50,697 ] 80 root - INFO - Exported train and test file path.
[ 2026-03-21 16:55:50,698 ] 21 root - INFO - Data ingestion process completed
[ 2026-03-21 16:55:50,734 ] 25 root - INFO - Starting the data validation process
[ 2026-03-21 16:55:50,844 ] 38 root - INFO - Required number of columns: 31
[ 2026-03-21 16:55:50,845 ] 39 root - INFO - Dataframe has columns: Index(['having_IP_Address', 'URL_Length', 'Shortining_Service',
       'having_At_Symbol', 'double_slash_redirecting', 'Prefix_Suffix',
       'having_Sub_Domain', 'SSLfinal_State', 'Domain_registeration_length',
       'Favicon', 'port', 'HTTPS_token', 'Request_URL', 'URL_of_Anchor',
       'Links_in_tags', 'SFH', 'Submitting_to_email', 'Abnormal_URL',
       'Redirect', 'on_mouseover', 'RightClick', 'popUpWidnow', 'Iframe',
       'age_of_domain', 'DNSRecord', 'web_traffic', 'Page_Rank',
       'Google_Index', 'Links_pointing_to_page', 'Statistical_report',
       'Result'],
      dtype='object')
[ 2026-03-21 16:55:50,845 ] 38 root - INFO - Required number of columns: 31
[ 2026-03-21 16:55:50,845 ] 39 root - INFO - Dataframe has columns: Index(['having_IP_Address', 'URL_Length', 'Shortining_Service',
       'having_At_Symbol', 'double_slash_redirecting', 'Prefix_Suffix',
       'having_Sub_Domain', 'SSLfinal_State', 'Domain_registeration_length',
       'Favicon', 'port', 'HTTPS_token', 'Request_URL', 'URL_of_Anchor',
       'Links_in_tags', 'SFH', 'Submitting_to_email', 'Abnormal_URL',
       'Redirect', 'on_mouseover', 'RightClick', 'popUpWidnow', 'Iframe',
       'age_of_domain', 'DNSRecord', 'web_traffic', 'Page_Rank',
       'Google_Index', 'Links_pointing_to_page', 'Statistical_report',
       'Result'],
      dtype='object')
[ 2026-03-21 16:55:50,995 ] 97 root - INFO - Data drift is detected between train and test dataframe.
[ 2026-03-21 16:55:51,110 ] 27 root - INFO - Data validation process completed
[ 2026-03-21 16:55:51,111 ] 31 root - INFO - Starting the data transformation process
[ 2026-03-21 16:55:51,111 ] 48 root - INFO - Starting data transformation
[ 2026-03-21 16:55:51,214 ] 51 root - INFO - Splitting input and target feature from training and testing dataframe
[ 2026-03-21 16:55:51,217 ] 56 root - INFO - Applying imputation on training and testing dataframe
[ 2026-03-21 16:55:51,218 ] 35 root - INFO - Creating data transformer object
[ 2026-03-21 16:55:51,218 ] 37 root - INFO - Data transformer object created successfully{'missing_values': nan, 'n_neighbors': 3, 'weights': 'uniform'}
[ 2026-03-21 16:55:51,231 ] 61 root - INFO - Imputation applied successfully on training and testing dataframe
[ 2026-03-21 16:55:51,241 ] 43 root - INFO - Saving object file: network_security_pipeline\artifact\03_21_2026_16_55_22\data_transformation\transformed_object\preprocessing_object.pkl
[ 2026-03-21 16:55:51,247 ] 48 root - INFO - Object file saved successfully: network_security_pipeline\artifact\03_21_2026_16_55_22\data_transformation\transformed_object\preprocessing_object.pkl
[ 2026-03-21 16:55:51,248 ] 69 root - INFO - Data transformation completed successfully
[ 2026-03-21 16:55:51,249 ] 33 root - INFO - Data transformation process completed
[ 2026-03-21 16:55:51,250 ] 36 root - INFO - All the components of training pipeline completed successfully
[ 2026-03-21 16:55:51,250 ] 39 root - INFO - Starting the model training process
[ 2026-03-21 16:55:51,250 ] 124 root - INFO - Starting model training
[ 2026-03-21 16:55:51,250 ] 125 root - INFO - Loading transformed training and testing data
[ 2026-03-21 16:55:51,284 ] 49 root - INFO - Training the model
[ 2026-03-21 17:02:20,096 ] 55 root - INFO - Loading object file: network_security_pipeline\artifact\03_21_2026_16_55_22\data_transformation\transformed_object\preprocessing_object.pkl
[ 2026-03-21 17:02:20,113 ] 43 root - INFO - Saving object file: network_security_pipeline\artifact\03_21_2026_16_55_22\model_trainer\trained_model\model.pkl
[ 2026-03-21 17:02:20,168 ] 48 root - INFO - Object file saved successfully: network_security_pipeline\artifact\03_21_2026_16_55_22\model_trainer\trained_model\model.pkl
[ 2026-03-21 17:02:20,168 ] 115 root - INFO - Model training completed. Best model: Random Forest with train metric: {'f1_score': 0.9913906613997772, 'precision_score': 0.9888866437664174, 'recall_score': 0.9939073923639318} and test metric: {'f1_score': 0.9758842443729904, 'precision_score': 0.9673306772908367, 'recall_score': 0.9845904298459043}
[ 2026-03-21 17:02:20,173 ] 41 root - INFO - Model training process completed
