[ 2026-03-21 10:29:55,277 ] 19 root - INFO - Starting the data ingestion process
[ 2026-03-21 10:30:01,749 ] 61 root - INFO - Performed train test split on the dataframe
[ 2026-03-21 10:30:01,749 ] 63 root - INFO - Exited split_data_as_train_test method of Data_Ingestion class
[ 2026-03-21 10:30:01,749 ] 71 root - INFO - Exporting train and test file path.
[ 2026-03-21 10:30:01,803 ] 80 root - INFO - Exported train and test file path.
[ 2026-03-21 10:30:01,803 ] 21 root - INFO - Data ingestion process completed
[ 2026-03-21 10:30:01,810 ] 25 root - INFO - Starting the data validation process
[ 2026-03-21 10:30:01,920 ] 38 root - INFO - Required number of columns: 31
[ 2026-03-21 10:30:01,920 ] 39 root - INFO - Dataframe has columns: Index(['having_IP_Address', 'URL_Length', 'Shortining_Service',
       'having_At_Symbol', 'double_slash_redirecting', 'Prefix_Suffix',
       'having_Sub_Domain', 'SSLfinal_State', 'Domain_registeration_length',
       'Favicon', 'port', 'HTTPS_token', 'Request_URL', 'URL_of_Anchor',
       'Links_in_tags', 'SFH', 'Submitting_to_email', 'Abnormal_URL',
       'Redirect', 'on_mouseover', 'RightClick', 'popUpWidnow', 'Iframe',
       'age_of_domain', 'DNSRecord', 'web_traffic', 'Page_Rank',
       'Google_Index', 'Links_pointing_to_page', 'Statistical_report',
       'Result'],
      dtype='object')
[ 2026-03-21 10:30:01,921 ] 38 root - INFO - Required number of columns: 31
[ 2026-03-21 10:30:01,921 ] 39 root - INFO - Dataframe has columns: Index(['having_IP_Address', 'URL_Length', 'Shortining_Service',
       'having_At_Symbol', 'double_slash_redirecting', 'Prefix_Suffix',
       'having_Sub_Domain', 'SSLfinal_State', 'Domain_registeration_length',
       'Favicon', 'port', 'HTTPS_token', 'Request_URL', 'URL_of_Anchor',
       'Links_in_tags', 'SFH', 'Submitting_to_email', 'Abnormal_URL',
       'Redirect', 'on_mouseover', 'RightClick', 'popUpWidnow', 'Iframe',
       'age_of_domain', 'DNSRecord', 'web_traffic', 'Page_Rank',
       'Google_Index', 'Links_pointing_to_page', 'Statistical_report',
       'Result'],
      dtype='object')
[ 2026-03-21 10:30:02,047 ] 97 root - INFO - Data drift is detected between train and test dataframe.
[ 2026-03-21 10:30:02,100 ] 27 root - INFO - Data validation process completed
[ 2026-03-21 10:30:02,100 ] 31 root - INFO - Starting the data transformation process
[ 2026-03-21 10:30:02,100 ] 48 root - INFO - Starting data transformation
[ 2026-03-21 10:30:02,210 ] 51 root - INFO - Splitting input and target feature from training and testing dataframe
[ 2026-03-21 10:30:02,214 ] 56 root - INFO - Applying imputation on training and testing dataframe
[ 2026-03-21 10:30:02,214 ] 35 root - INFO - Creating data transformer object
[ 2026-03-21 10:30:02,215 ] 37 root - INFO - Data transformer object created successfully{'missing_values': nan, 'n_neighbors': 3, 'weights': 'uniform'}
[ 2026-03-21 10:30:02,230 ] 61 root - INFO - Imputation applied successfully on training and testing dataframe
[ 2026-03-21 10:30:02,241 ] 43 root - INFO - Saving object file: network_security_pipeline\artifact\03_21_2026_10_29_52\data_transformation\transformed_object\preprocessing_object.pkl
[ 2026-03-21 10:30:02,248 ] 48 root - INFO - Object file saved successfully: network_security_pipeline\artifact\03_21_2026_10_29_52\data_transformation\transformed_object\preprocessing_object.pkl
[ 2026-03-21 10:30:02,248 ] 69 root - INFO - Data transformation completed successfully
[ 2026-03-21 10:30:02,249 ] 33 root - INFO - Data transformation process completed
[ 2026-03-21 10:30:02,250 ] 36 root - INFO - All the components of training pipeline completed successfully
[ 2026-03-21 10:30:02,250 ] 39 root - INFO - Starting the model training process
[ 2026-03-21 10:30:02,250 ] 120 root - INFO - Starting model training
[ 2026-03-21 10:30:02,250 ] 121 root - INFO - Loading transformed training and testing data
[ 2026-03-21 10:30:02,296 ] 45 root - INFO - Training the model
[ 2026-03-21 10:33:16,734 ] 55 root - INFO - Loading object file: network_security_pipeline\artifact\03_21_2026_10_29_52\data_transformation\transformed_object\preprocessing_object.pkl
[ 2026-03-21 10:33:16,751 ] 43 root - INFO - Saving object file: network_security_pipeline\artifact\03_21_2026_10_29_52\model_trainer\trained_model\model.pkl
[ 2026-03-21 10:33:16,773 ] 48 root - INFO - Object file saved successfully: network_security_pipeline\artifact\03_21_2026_10_29_52\model_trainer\trained_model\model.pkl
[ 2026-03-21 10:33:16,773 ] 111 root - INFO - Model training completed. Best model: Random Forest with train metric: {'f1_score': 0.9908090091909908, 'precision_score': 0.9889112903225806, 'recall_score': 0.9927140255009107} and test metric: {'f1_score': 0.9746317512274959, 'precision_score': 0.9698697068403909, 'recall_score': 0.9794407894736842}
[ 2026-03-21 10:33:16,773 ] 41 root - INFO - Model training process completed
